ISim log file
Running: C:\Windows\System32\P7\test_datapath_isim_beh.exe -intstyle ise -gui -tclbatch isim.cmd -wdb C:/Windows/System32/P7/test_datapath_isim_beh.wdb 
ISim P.20131013 (signature 0x8ef4fb42)
This is a Full version of ISim.
WARNING:  For instance uut/ccc/, width 5 of formal port ExCode is not equal to width 32 of actual constant.
WARNING:  For instance uut/ccc/, width 1 of formal port EXLset is not equal to width 32 of actual constant.
WARNING:  For instance uut/ccc/, width 1 of formal port EXLclr is not equal to width 32 of actual constant.
Time resolution is 1 ps
# onerror resume
# wave add /
# run 1000 ns
Simulator is doing circuit initialization process.
Finished circuit initialization process.
                   9@00003010: $27 <= 00000000
                  11@00003014: $28 <= 00000000
                  13@00003018: $29 <= 00000000
                  15@0000301c: $30 <= 00000000
                  17@00003020: $31 <= 00000000
                  19@00003024: $28 <= 00000004
                  27@00003034: $24 <= ffff0000
                  29@00003038: $24 <= ffffcc25
                  31@0000303c: $10 <= ffff0000
                  33@00003040: $10 <= ffffac4b
                  41@00003050: $ 9 <= ffff7870
                  47@0000305c: *0000 <= ffff7870
                  51@00003064: $29 <= 00000004
                  55@0000306c: $30 <= 0000003f
                  57@00003070: $25 <= 00000000
                  59@00003074: $25 <= 000056b6
                  61@00003078: $11 <= ffff0000
                  63@0000307c: $11 <= fffff908
                  77@00003098: *0004 <= 00000000
                  81@000030a0: $29 <= 00000008
                  85@000030a8: $30 <= 00000024
                  87@000030ac: $26 <= ffff0000
                  89@000030b0: $26 <= ffff8822
                  91@000030b4: $22 <= 00000000
                  93@000030b8: $22 <= 00001118
                 101@000030c8: $17 <= ffff770a
                 107@000030d4: *0008 <= ffff770a
                 111@000030dc: $29 <= 0000000c
                 115@000030e4: $30 <= 00000030
                 117@000030e8: $ 2 <= ffff0000
                 119@000030ec: $ 2 <= ffffa45e
                 121@000030f0: $ 9 <= ffff0000
                 123@000030f4: $ 9 <= ffffb048
                 137@00003110: *000c <= 00000000
                 141@00003118: $29 <= 00000010
                 145@00003120: $30 <= 00000051
                 147@00003124: $ 1 <= 00000000
                 149@00003128: $ 1 <= 00004cbb
                 151@0000312c: $18 <= ffff0000
                 153@00003130: $18 <= ffffc500
                 169@00003150: *0010 <= 00004cbb
                 173@00003158: $29 <= 00000014
                 173@00003158: *0014 <= ffffc500
                 177@00003178: $29 <= 00000018
                 183@00003184: $ 6 <= ffff0000
                 185@00003188: $ 6 <= ffffef16
                 187@0000318c: $ 6 <= ffff0000
                 189@00003190: $ 6 <= ffffa5e8
                 219@000031b0: *0018 <= ffffa5e8
                 223@000031b8: $29 <= 0000001c
                 223@000031b8: *001c <= ffffa5e8
                 227@000031d8: $29 <= 00000020
                 231@000031f4: $30 <= 00000059
                 257@00003228: $30 <= 00000056
                 259@0000322c: $31 <= 00003210
                 289@0000324c: $31 <= 0000326c
                 293@0000326c: $11 <= 0000326c
                 307@00003254: $30 <= 00000031
                 323@00003294: $19 <= 00000000
                 325@00003298: $19 <= 00004754
                 333@000032a8: $ 5 <= 00006148
                 341@000032b8: $19 <= 00000000
                 347@000032c4: *0020 <= 00000000
                 351@000032cc: $29 <= 00000024
                 351@000032cc: *0024 <= 00006148
                 355@000032d4: $29 <= 00000028
                 361@000032e0: $10 <= ffff0000
                 363@000032e4: $10 <= fffff206
                 371@000032f4: $ 4 <= 00000e05
                 373@000032f8: $ 4 <= fffff1fb
                 379@00003304: *001c <= fffff206
                 387@00003314: *0028 <= fffff206
                 391@0000331c: $29 <= 0000002c
                 391@0000331c: *002c <= fffff1fb
                 395@00003324: $29 <= 00000030
                 401@00003330: $ 9 <= ffff0000
                 403@00003334: $ 9 <= ffffb750
                 411@00003344: $ 8 <= 0ee00000
                 417@00003350: *0030 <= 0ee00000
                 421@00003358: $29 <= 00000034
                 425@00003360: $30 <= 00000030
                 427@00003364: $18 <= 00000000
                 429@00003368: $18 <= 00003f9d
                 437@00003378: $24 <= a4460000
                 443@00003384: *0034 <= a4460000
                 447@0000338c: $29 <= 00000038
                 451@00003394: $30 <= 00000030
                 453@00003398: $11 <= 00000000
                 455@0000339c: $11 <= 00003539
                 469@000033b8: *0038 <= 00000000
                 473@000033c0: $29 <= 0000003c
                 479@000033cc: $ 4 <= 00000000
                 481@000033d0: $ 4 <= 0000555c
                 489@000033e0: $ 8 <= 00005f7f
                 495@000033ec: *003c <= 00005f7f
                 499@000033f4: $29 <= 00000040
                 505@00003400: $ 1 <= ffff0000
                 507@00003404: $ 1 <= ffffb634
                 515@00003414: $22 <= fffff6b5
                 521@00003420: *0040 <= fffff6b5
                 525@00003428: $29 <= 00000044
                 529@00003430: $30 <= 0000005c
                 531@00003434: $ 5 <= ffff0000
                 533@00003438: $ 5 <= ffffb837
                 547@00003454: *0044 <= 00000000
                 551@0000345c: $29 <= 00000048
                 555@00003464: $30 <= 00000054
                 557@00003468: $ 3 <= ffff0000
                 559@0000346c: $ 3 <= ffffa59d
                 567@0000347c: $ 4 <= 0000558f
                 569@00003480: $ 4 <= ffffaa71
                 577@00003490: $ 3 <= ffffffb5
                 583@0000349c: *0048 <= ffffffb5
                 587@000034a4: $29 <= 0000004c
                 587@000034a4: *004c <= ffffaa71
                 591@000034ac: $29 <= 00000050
                 597@000034b8: $ 6 <= ffff0000
                 599@000034bc: $ 6 <= fffff234
                 607@000034cc: $ 7 <= 00005a57
                 609@000034d0: $ 7 <= ffffa5a9
                 617@000034e0: $ 6 <= 00000000
                 623@000034ec: *0050 <= 00000000
                 627@000034f4: $29 <= 00000054
                 627@000034f4: *0054 <= ffffa5a9
                 631@000034fc: $29 <= 00000058
                 637@00003508: $13 <= ffff0000
                 639@0000350c: $13 <= fffff356
                 647@0000351c: $12 <= 00007f77
                 655@0000352c: $13 <= ffffffff
                 661@00003538: *0058 <= ffffffff
                 665@00003540: $29 <= 0000005c
                 665@00003540: *005c <= 00007f77
                 669@00003548: $29 <= 00000060
                 673@00003550: $30 <= 0000000c
                 675@00003554: $ 2 <= ffff0000
                 677@00003558: $ 2 <= ffff992e
                 685@00003568: $13 <= 000047a1
                 687@0000356c: $13 <= ffffb85f
                 695@0000357c: $ 2 <= ffffffff
                 701@00003588: *0060 <= ffffffff
                 705@00003590: $29 <= 00000064
                 705@00003590: *0064 <= ffffb85f
                 709@00003598: $29 <= 00000068
                 713@000035a0: $30 <= 0000003f
                 715@000035a4: $12 <= 00000000
                 717@000035a8: $12 <= 00002480
                 725@000035b8: $19 <= 00002419
                 727@000035bc: $19 <= ffffdbe7
                 735@000035cc: $12 <= 0000000a
                 741@000035d8: *0068 <= 0000000a
                 745@000035e0: $29 <= 0000006c
                 745@000035e0: *006c <= ffffdbe7
                 749@000035e8: $29 <= 00000070
                 755@000035f4: $12 <= 00000000
                 757@000035f8: $12 <= 000010ed
                 765@00003608: $22 <= 00006baf
                 767@0000360c: $22 <= ffff9451
                 775@0000361c: $12 <= 00000061
                 781@00003628: *0070 <= 00000061
                 785@00003630: $29 <= 00000074
                 785@00003630: *0074 <= ffff9451
                 789@00003638: $29 <= 00000078
                 795@00003644: $11 <= ffff0000
                 797@00003648: $11 <= ffffc18b
                 805@00003658: $21 <= 00007022
                 807@0000365c: $21 <= ffff8fde
                 815@0000366c: $11 <= 00000000
                 821@00003678: *0078 <= 00000000
                 825@00003680: $29 <= 0000007c
                 825@00003680: *007c <= ffff8fde
                 829@00003688: $29 <= 00000080
                 833@00003690: $30 <= 00000008
                 835@00003694: $10 <= 00000000
                 837@00003698: $10 <= 00003533
                 845@000036a8: $ 4 <= 00001b5e
                 847@000036ac: $ 4 <= ffffe4a2
                 855@000036bc: $10 <= 00000000
                 861@000036c8: *0080 <= 00000000
                 865@000036d0: $29 <= 00000084
                 865@000036d0: *0084 <= ffffe4a2
                 869@000036d8: $29 <= 00000088
                 875@000036e4: $ 1 <= ffff0000
                 877@000036e8: $ 1 <= ffffb682
                 885@000036f8: $17 <= 00001480
                 893@00003708: $ 1 <= 00000000
                 899@00003714: *0088 <= 00000000
                 903@0000371c: $29 <= 0000008c
                 903@0000371c: *008c <= 00001480
                 907@00003724: $29 <= 00000090
                 911@0000372c: $30 <= 00000032
                 913@00003730: $10 <= 00000000
                 915@00003734: $10 <= 00002823
                 923@00003744: $14 <= 0000308f
                 931@00003754: $10 <= ffffffff
                 937@00003760: *0090 <= ffffffff
                 941@00003768: $29 <= 00000094
                 941@00003768: *0094 <= 0000308f
                 945@00003770: $29 <= 00000098
                 951@0000377c: $22 <= 00000000
                 953@00003780: $22 <= 0000528f
                 961@00003790: $17 <= 00003de3
                 963@00003794: $17 <= ffffc21d
                 971@000037a4: $22 <= 0000f206
                 977@000037b0: *0098 <= 0000f206
                 981@000037b8: $29 <= 0000009c
                 981@000037b8: *009c <= ffffc21d
                 985@000037c0: $29 <= 000000a0
                 989@000037c8: $30 <= 0000004e
                 991@000037cc: $ 3 <= ffff0000
                 993@000037d0: $ 3 <= ffffc679
